<?xml version="1.0" encoding="UTF-8"?>
<!-- Generated by org.testng.reporters.JUnitReportReporter -->
<testsuite skipped="0" hostname="DESKTOP-0OHGDCN" name="assignment11.ReadExcel" tests="1" failures="0" timestamp="07 Feb 2023 18:05:18 GMT" time="0.603" errors="0">
  <testcase name="ReadExcel1" time="0.603" classname="assignment11.ReadExcel"/>
</testsuite> <!-- assignment11.ReadExcel -->
