<?xml version="1.0" encoding="UTF-8"?>
<!-- Generated by org.testng.reporters.JUnitReportReporter -->
<testsuite skipped="0" hostname="DESKTOP-0OHGDCN" name="DDT_practice" tests="2" failures="0" timestamp="07 Feb 2023 15:14:22 GMT" time="14.903" errors="0">
  <testcase name="login" time="6.188" classname="DDT_practice"/>
  <testcase name="login" time="8.715" classname="DDT_practice"/>
</testsuite> <!-- DDT_practice -->
